2025-11-01T03:38:01.277612662Z [inf]  
2025-11-01T03:38:01.793429989Z [inf]  [35m[Region: us-west1][0m
2025-11-01T03:38:01.838590699Z [inf]  
2025-11-01T03:38:01.838640468Z [inf]  [38;2;125;86;243m╭────────────────╮[0m
2025-11-01T03:38:01.838646442Z [inf]  [38;2;125;86;243m│[0m Railpack 0.9.2 [38;2;125;86;243m│[0m
2025-11-01T03:38:01.838651584Z [inf]  [38;2;125;86;243m╰────────────────╯[0m
2025-11-01T03:38:01.838657916Z [inf]  
2025-11-01T03:38:01.838663132Z [inf]  [97m↳ Detected Node[0m
2025-11-01T03:38:01.838668268Z [inf]  [97m↳ Using npm package manager[0m
2025-11-01T03:38:01.838672383Z [inf]  [97m↳ Found web command in Procfile[0m
2025-11-01T03:38:01.838676529Z [inf]  
2025-11-01T03:38:01.838680320Z [inf]  [1mPackages[0m
2025-11-01T03:38:01.838684196Z [inf]  [38;5;238m──────────[0m
2025-11-01T03:38:01.838688870Z [inf]  [95mnode[0m  [38;5;238m│[0m  [96m18.20.8[0m  [38;5;238m│[0m  package.json > engines > node (>=18.0.0)
2025-11-01T03:38:01.838693166Z [inf]  
2025-11-01T03:38:01.838697377Z [inf]  [1mSteps[0m
2025-11-01T03:38:01.838701225Z [inf]  [38;5;238m──────────[0m
2025-11-01T03:38:01.838705387Z [inf]  [95m▸ install[0m
2025-11-01T03:38:01.838709320Z [inf]  [38;5;245m$[0m [1mnpm ci[0m
2025-11-01T03:38:01.838713498Z [inf]  
2025-11-01T03:38:01.838717704Z [inf]  [95m▸ build[0m
2025-11-01T03:38:01.838721715Z [inf]  [38;5;245m$[0m [1mnpm run build[0m
2025-11-01T03:38:01.838725801Z [inf]  
2025-11-01T03:38:01.838729638Z [inf]  [1mDeploy[0m
2025-11-01T03:38:01.838733517Z [inf]  [38;5;238m──────────[0m
2025-11-01T03:38:01.838738138Z [inf]  [38;5;245m$[0m [1mnode dist/server.js[0m
2025-11-01T03:38:01.838742222Z [inf]  
2025-11-01T03:38:01.838746395Z [inf]  
2025-11-01T03:38:01.840773589Z [inf]  Successfully prepared Railpack plan for build
2025-11-01T03:38:01.840808212Z [inf]  
2025-11-01T03:38:01.840819268Z [inf]  
2025-11-01T03:38:01.841089980Z [inf]  context: b4zs-g6Eb
2025-11-01T03:38:01.994196116Z [inf]  [internal] load build definition from railpack-plan.json
2025-11-01T03:38:01.994246834Z [inf]  [internal] load build definition from railpack-plan.json
2025-11-01T03:38:01.994261354Z [inf]  [internal] load build definition from railpack-plan.json
2025-11-01T03:38:01.994278113Z [inf]  [internal] load build definition from railpack-plan.json
2025-11-01T03:38:02.003920769Z [inf]  [internal] load build definition from railpack-plan.json
2025-11-01T03:38:02.005425568Z [inf]  resolve image config for docker-image://ghcr.io/railwayapp/railpack-frontend:v0.9.2
2025-11-01T03:38:02.409375653Z [inf]  resolve image config for docker-image://ghcr.io/railwayapp/railpack-frontend:v0.9.2
2025-11-01T03:38:02.506995468Z [inf]  load build definition from railpack-plan.json
2025-11-01T03:38:02.507059851Z [inf]  load build definition from railpack-plan.json
2025-11-01T03:38:02.507077031Z [inf]  load build definition from railpack-plan.json
2025-11-01T03:38:02.518665940Z [inf]  load build definition from railpack-plan.json
2025-11-01T03:38:03.209928164Z [inf]  [railpack] merge ghcr.io/railwayapp/railpack-runtime:latest, $packages:mise, $build, $build
2025-11-01T03:38:03.209960905Z [inf]  copy /app
2025-11-01T03:38:03.209968736Z [inf]  copy /root/.cache
2025-11-01T03:38:03.209976090Z [inf]  copy /app/node_modules
2025-11-01T03:38:03.209986736Z [inf]  npm run build
2025-11-01T03:38:03.210003667Z [inf]  [railpack] secrets hash
2025-11-01T03:38:03.210012132Z [inf]  copy / /app
2025-11-01T03:38:03.210017859Z [inf]  npm ci
2025-11-01T03:38:03.210023312Z [inf]  copy package-lock.json
2025-11-01T03:38:03.210038577Z [inf]  [railpack] secrets hash
2025-11-01T03:38:03.210058833Z [inf]  loading .
2025-11-01T03:38:03.215600484Z [inf]  [railpack] secrets hash
2025-11-01T03:38:03.215659940Z [inf]  mkdir /etc/mise
2025-11-01T03:38:03.215675098Z [inf]  create mise config
2025-11-01T03:38:03.215696281Z [inf]  install mise packages: node
2025-11-01T03:38:03.215705326Z [inf]  copy /mise/shims
2025-11-01T03:38:03.215718885Z [inf]  copy /mise/installs
2025-11-01T03:38:03.215733113Z [inf]  copy /usr/local/bin/mise
2025-11-01T03:38:03.215743942Z [inf]  copy /etc/mise/config.toml
2025-11-01T03:38:03.215755677Z [inf]  copy /root/.local/state/mise
2025-11-01T03:38:03.215765129Z [inf]  loading .
2025-11-01T03:38:03.215791257Z [inf]  [railpack] secrets hash
2025-11-01T03:38:03.215805541Z [inf]  copy /root/.local/state/mise
2025-11-01T03:38:03.230502601Z [inf]  loading .
2025-11-01T03:38:03.233475348Z [inf]  mkdir -p /app/node_modules/.cache
2025-11-01T03:38:03.233507320Z [inf]  copy package.json
2025-11-01T03:38:03.233522909Z [inf]  copy package-lock.json
2025-11-01T03:38:03.233534170Z [inf]  npm ci
2025-11-01T03:38:03.233548325Z [inf]  copy / /app
2025-11-01T03:38:03.233576742Z [inf]  npm run build
2025-11-01T03:38:03.534085878Z [inf]  npm warn config production Use `--omit=dev` instead.

2025-11-01T03:38:03.559561024Z [inf]  
> codecohesion-api@1.0.0 build
> tsc


2025-11-01T03:38:03.710187816Z [inf]  Version 5.9.3

2025-11-01T03:38:03.712380556Z [inf]  tsc: The TypeScript Compiler - Version 5.9.3

COMMON COMMANDS

  tsc
  Compiles the current project (tsconfig.json in the working directory.)

  tsc app.ts util.ts
  Ignoring tsconfig.json, compiles the specified files with default compiler options.

  tsc -b

2025-11-01T03:38:03.712416784Z [inf]    Build a composite project in the working directory.

  tsc --init
  Creates a tsconfig.json with the recommended settings in the working directory.


2025-11-01T03:38:03.71247161Z [inf]    tsc -p ./path/to/tsconfig.json
  Compiles the TypeScript project located at the specified path.

  tsc --help --all

2025-11-01T03:38:03.712480501Z [inf]    An expanded version of this information, showing all possible compiler options

  tsc --noEmit
  tsc --target esnext
  Compiles the current project, with additional settings.


2025-11-01T03:38:03.712692822Z [inf]  COMMAND LINE FLAGS

--help, -h
Print this message.
2025-11-01T03:38:03.712705411Z [inf]  

2025-11-01T03:38:03.712836512Z [inf]  
--watch, -w
Watch input files.


2025-11-01T03:38:03.712848819Z [inf]  --all
2025-11-01T03:38:03.712892792Z [inf]  
Show all compiler options.

--version, -v
2025-11-01T03:38:03.712916074Z [inf]  
Print the compiler's version.
2025-11-01T03:38:03.712937394Z [inf]  


2025-11-01T03:38:03.712997574Z [inf]  --init
Initializes a TypeScript project and creates a tsconfig.json file.

--project, -p
Compile the project given the path to its configuration file, or to a folder with a 'tsconfig.json'.

--showConfig
2025-11-01T03:38:03.713046359Z [inf]  
Print the final configuration instead of building.

--build, -b
Build one or more projects and their dependencies, if out of date

COMMON COMPILER OPTIONS


2025-11-01T03:38:03.713075741Z [inf]  --pretty
Enable color and formatting in TypeScript's output to make compiler errors easier to read.
2025-11-01T03:38:03.713080145Z [inf]  
type: boolean
default: true

--declaration, -d

2025-11-01T03:38:03.713126859Z [inf]  Generate .d.ts files from TypeScript and JavaScript files in your project.
type: boolean

2025-11-01T03:38:03.713137098Z [inf]  default: `false`, unless `composite` is set
2025-11-01T03:38:03.713143616Z [inf]  


2025-11-01T03:38:03.713169766Z [inf]  --declarationMap
Create sourcemaps for d.ts files.

2025-11-01T03:38:03.713174225Z [inf]  type: boolean

2025-11-01T03:38:03.7131777Z [inf]  default: false
2025-11-01T03:38:03.713180168Z [inf]  

2025-11-01T03:38:03.713217472Z [inf]  
--emitDeclarationOnly
Only output d.ts files and not JavaScript files.
type: boolean

2025-11-01T03:38:03.713236287Z [inf]  default: false


2025-11-01T03:38:03.713249749Z [inf]  --sourceMap
Create source map files for emitted JavaScript files.
2025-11-01T03:38:03.713253175Z [inf]  
type: boolean

2025-11-01T03:38:03.71329754Z [inf]  default: false

--noEmit
Disable emitting files from a compilation.
2025-11-01T03:38:03.713304891Z [inf]  
type: boolean
default: false
2025-11-01T03:38:03.713336757Z [inf]  

--target, -t
Set the JavaScript language version for emitted JavaScript and include compatible library declarations.
one of: es5, es6/es2015, es2016, es2017, es2018, es2019, es2020, es2021, es2022, es2023, es2024, esnext

2025-11-01T03:38:03.71335045Z [inf]  default: es5

2025-11-01T03:38:03.713354787Z [inf]  
--module, -m
Specify what module code is generated.
2025-11-01T03:38:03.713388803Z [inf]  
one of: none, commonjs, amd, umd, system, es6/es2015, es2020, es2022, esnext, node16, node18, node20, nodenext, preserve

2025-11-01T03:38:03.713395942Z [inf]  default: undefined

--lib
2025-11-01T03:38:03.713450923Z [inf]  
Specify a set of bundled library declaration files that describe the target runtime environment.
one or more: es5, es6/es2015, es7/es2016, es2017, es2018, es2019, es2020, es2021, es2022, es2023, es2024, esnext, dom, dom.iterable, dom.asynciterable, webworker, webworker.importscripts, webworker.iterable, webworker.asynciterable, scripthost, es2015.core, es2015.collection, es2015.generator, es2015.iterable, es2015.promise, es2015.proxy, es2015.reflect, es2015.symbol, es2015.symbol.wellknown, es2016.array.include, es2016.intl, es2017.arraybuffer, es2017.date, es2017.object, es2017.sharedmemory, es2017.string, es2017.intl, es2017.typedarrays, es2018.asyncgenerator, es2018.asynciterable/esnext.asynciterable, es2018.intl, es2018.promise, es2018.regexp, es2019.array, es2019.object, es2019.string, es2019.symbol/esnext.symbol, es2019.intl, es2020.bigint/esnext.bigint, es2020.date, es2020.promise, es2020.sharedmemory, es2020.string, es2020.symbol.wellknown, es2020.intl, es2020.number, es2021.promise, es2021.string, es2021.weakref/esnext.weakref, es2021.intl, es2022.array, es2022.error, es2022.intl, es2022.object, es2022.string, es2022.regexp, es2023.array, es2023.collection, es2023.intl, es2024.arraybuffer, es2024.collection, es2024.object/esnext.object, es2024.promise, es2024.regexp/esnext.regexp, es2024.sharedmemory, es2024.string/esnext.string, esnext.array, esnext.collection, esnext.intl, esnext.disposable, esnext.promise, esnext.decorators, esnext.iterator, esnext.float16, esnext.error, esnext.sharedmemory, decorators, decorators.legacy
default: undefined

2025-11-01T03:38:03.713458664Z [inf]  
--allowJs
2025-11-01T03:38:03.713464224Z [inf]  
Allow JavaScript files to be a part of your program. Use the 'checkJs' option to get errors from these files.
2025-11-01T03:38:03.713523142Z [inf]  
type: boolean
default: false

--checkJs
Enable error reporting in type-checked JavaScript files.
type: boolean
2025-11-01T03:38:03.713527679Z [inf]  
default: false
2025-11-01T03:38:03.713559283Z [inf]  

--jsx
Specify what JSX code is generated.
one of: preserve, react, react-native, react-jsx, react-jsxdev

2025-11-01T03:38:03.713573285Z [inf]  default: undefined
2025-11-01T03:38:03.713577634Z [inf]  

--outFile
2025-11-01T03:38:03.713581013Z [inf]  

2025-11-01T03:38:03.713601868Z [inf]  Specify a file that bundles all outputs into one JavaScript file. If 'declaration' is true, also designates a file that bundles all .d.ts output.

--outDir
2025-11-01T03:38:03.713606661Z [inf]  

2025-11-01T03:38:03.713622614Z [inf]  Specify an output folder for all emitted files.


2025-11-01T03:38:03.713627479Z [inf]  --removeComments
2025-11-01T03:38:03.713662475Z [inf]  
Disable emitting comments.
type: boolean
default: false


2025-11-01T03:38:03.713666772Z [inf]  --strict

2025-11-01T03:38:03.713703364Z [inf]  Enable all strict type-checking options.
type: boolean
default: false
2025-11-01T03:38:03.713707118Z [inf]  


2025-11-01T03:38:03.713732191Z [inf]  --types
Specify type package names to be included without being referenced in a source file.


2025-11-01T03:38:03.713763469Z [inf]  --esModuleInterop
Emit additional JavaScript to ease support for importing CommonJS modules. This enables 'allowSyntheticDefaultImports' for type compatibility.
type: boolean

2025-11-01T03:38:03.713767318Z [inf]  default: false

2025-11-01T03:38:03.713811581Z [inf]  
You can learn about all of the compiler options at https://aka.ms/tsc


2025-11-01T03:38:03.898664509Z [err]  npm run build
2025-11-01T03:38:03.919418642Z [err]  ERROR: failed to build: failed to solve: process "npm run build" did not complete successfully: exit code: 1